# Logfile created on 2025-03-20 07:52:56 +0000 by logger.rb/v1.5.3
[2025-03-20T07:52:57+00:00] INFO: Started Cinc Zero at chefzero://localhost:1 with repository at /opt/gitlab/embedded (One version per cookbook)
[2025-03-20T07:52:57+00:00] INFO: *** Cinc Client 18.3.0 ***
[2025-03-20T07:52:57+00:00] INFO: Platform: x86_64-linux
[2025-03-20T07:52:57+00:00] INFO: Cinc-client pid: 37
[2025-03-20T07:52:57+00:00] INFO: Setting the run_list to ["recipe[gitlab]"] from CLI options
[2025-03-20T07:52:57+00:00] INFO: Run List is [recipe[gitlab]]
[2025-03-20T07:52:57+00:00] INFO: Run List expands to [gitlab]
[2025-03-20T07:52:57+00:00] INFO: Starting Cinc Client Run for localhost
[2025-03-20T07:52:57+00:00] INFO: Running start handlers
[2025-03-20T07:52:57+00:00] INFO: Start handlers complete.
[2025-03-20T07:52:58+00:00] INFO: Loading cookbooks [gitlab@0.0.1, package@0.1.0, logrotate@0.1.0, postgresql@0.1.0, redis@0.1.0, monitoring@0.1.0, registry@0.1.0, mattermost@0.1.0, consul@0.1.0, gitaly@0.1.0, praefect@0.1.0, gitlab-kas@0.1.0, gitlab-pages@0.1.0, letsencrypt@0.1.0, nginx@0.1.0, runit@5.1.7, acme@4.1.6, crond@0.1.0]
[2025-03-20T07:52:58+00:00] INFO: Storing updated cookbooks/gitlab/recipes/bootstrap.rb in the cache.
[2025-03-20T07:52:58+00:00] INFO: Storing updated cookbooks/gitlab/recipes/database_migrations.rb in the cache.
[2025-03-20T07:52:58+00:00] INFO: Storing updated cookbooks/gitlab/attributes/default.rb in the cache.
[2025-03-20T07:52:58+00:00] INFO: Storing updated cookbooks/gitlab/recipes/database_reindexing_enable.rb in the cache.
[2025-03-20T07:52:58+00:00] INFO: Storing updated cookbooks/gitlab/recipes/default.rb in the cache.
[2025-03-20T07:52:58+00:00] INFO: Storing updated cookbooks/gitlab/metadata.rb in the cache.
[2025-03-20T07:52:58+00:00] INFO: Storing updated cookbooks/gitlab/recipes/add_trusted_certs.rb in the cache.
[2025-03-20T07:52:58+00:00] INFO: Storing updated cookbooks/gitlab/recipes/config.rb in the cache.
[2025-03-20T07:52:58+00:00] INFO: Storing updated cookbooks/gitlab/recipes/bootstrap_disable.rb in the cache.
[2025-03-20T07:52:58+00:00] INFO: Storing updated cookbooks/gitlab/recipes/database_reindexing_disable.rb in the cache.
[2025-03-20T07:52:58+00:00] INFO: Storing updated cookbooks/gitlab/recipes/gitlab-backup-cli.rb in the cache.
[2025-03-20T07:52:58+00:00] INFO: Storing updated cookbooks/gitlab/recipes/generate_secrets.rb in the cache.
[2025-03-20T07:52:58+00:00] INFO: Storing updated cookbooks/gitlab/recipes/gitlab-healthcheck.rb in the cache.
[2025-03-20T07:52:58+00:00] INFO: Storing updated cookbooks/gitlab/recipes/gitlab-shell.rb in the cache.
[2025-03-20T07:52:58+00:00] INFO: Storing updated cookbooks/gitlab/recipes/gitlab-backup-cli_disable.rb in the cache.
[2025-03-20T07:52:58+00:00] INFO: Storing updated cookbooks/gitlab/recipes/gitlab-workhorse_disable.rb in the cache.
[2025-03-20T07:52:58+00:00] INFO: Storing updated cookbooks/gitlab/recipes/gitlab-workhorse.rb in the cache.
[2025-03-20T07:52:58+00:00] INFO: Storing updated cookbooks/gitlab/recipes/mailroom.rb in the cache.
[2025-03-20T07:52:58+00:00] INFO: Storing updated cookbooks/gitlab/recipes/gitlab-rails.rb in the cache.
[2025-03-20T07:52:58+00:00] INFO: Storing updated cookbooks/gitlab/recipes/nginx.rb in the cache.
[2025-03-20T07:52:58+00:00] INFO: Storing updated cookbooks/gitlab/recipes/letsencrypt_renew.rb in the cache.
[2025-03-20T07:52:58+00:00] INFO: Storing updated cookbooks/gitlab/recipes/nginx_disable.rb in the cache.
[2025-03-20T07:52:58+00:00] INFO: Storing updated cookbooks/gitlab/recipes/remote-syslog.rb in the cache.
[2025-03-20T07:52:58+00:00] INFO: Storing updated cookbooks/gitlab/recipes/puma.rb in the cache.
[2025-03-20T07:52:58+00:00] INFO: Storing updated cookbooks/gitlab/recipes/mailroom_disable.rb in the cache.
[2025-03-20T07:52:58+00:00] INFO: Storing updated cookbooks/gitlab/recipes/rails_pages_shared_path.rb in the cache.
[2025-03-20T07:52:58+00:00] INFO: Storing updated cookbooks/gitlab/recipes/remote-syslog_disable.rb in the cache.
[2025-03-20T07:52:58+00:00] INFO: Storing updated cookbooks/gitlab/recipes/puma_disable.rb in the cache.
[2025-03-20T07:52:58+00:00] INFO: Storing updated cookbooks/gitlab/recipes/sidekiq.rb in the cache.
[2025-03-20T07:52:58+00:00] INFO: Storing updated cookbooks/gitlab/recipes/storage-check_disable.rb in the cache.
[2025-03-20T07:52:58+00:00] INFO: Storing updated cookbooks/gitlab/recipes/storage-check.rb in the cache.
[2025-03-20T07:52:58+00:00] INFO: Storing updated cookbooks/gitlab/recipes/sidekiq_disable.rb in the cache.
[2025-03-20T07:52:58+00:00] INFO: Storing updated cookbooks/gitlab/recipes/selinux.rb in the cache.
[2025-03-20T07:52:58+00:00] INFO: Storing updated cookbooks/gitlab/recipes/remove_accounts.rb in the cache.
[2025-03-20T07:52:58+00:00] INFO: Storing updated cookbooks/gitlab/recipes/show_config.rb in the cache.
[2025-03-20T07:52:58+00:00] INFO: Storing updated cookbooks/gitlab/README.md in the cache.
[2025-03-20T07:52:58+00:00] INFO: Storing updated cookbooks/gitlab/libraries/bash_hide_env.rb in the cache.
[2025-03-20T07:52:58+00:00] INFO: Storing updated cookbooks/gitlab/recipes/users.rb in the cache.
[2025-03-20T07:52:58+00:00] INFO: Storing updated cookbooks/gitlab/libraries/gitlab_exporter.rb in the cache.
[2025-03-20T07:52:58+00:00] INFO: Storing updated cookbooks/gitlab/libraries/gitlab_shell.rb in the cache.
[2025-03-20T07:52:58+00:00] INFO: Storing updated cookbooks/gitlab/recipes/web-server.rb in the cache.
[2025-03-20T07:52:58+00:00] INFO: Storing updated cookbooks/gitlab/libraries/account_helper.rb in the cache.
[2025-03-20T07:52:58+00:00] INFO: Storing updated cookbooks/gitlab/libraries/gitlab_mattermost.rb in the cache.
[2025-03-20T07:52:58+00:00] INFO: Storing updated cookbooks/gitlab/libraries/gitlab_sshd_helper.rb in the cache.
[2025-03-20T07:52:58+00:00] INFO: Storing updated cookbooks/gitlab/libraries/gitlab_rails.rb in the cache.
[2025-03-20T07:52:58+00:00] INFO: Storing updated cookbooks/gitlab/libraries/gitlab_workhorse.rb in the cache.
[2025-03-20T07:52:58+00:00] INFO: Storing updated cookbooks/gitlab/libraries/helpers/authorizer_helper.rb in the cache.
[2025-03-20T07:52:58+00:00] INFO: Storing updated cookbooks/gitlab/libraries/helper.rb in the cache.
[2025-03-20T07:52:58+00:00] INFO: Storing updated cookbooks/gitlab/libraries/helpers/base_helper.rb in the cache.
[2025-03-20T07:52:58+00:00] INFO: Storing updated cookbooks/gitlab/libraries/helpers/gitlab_rails.rb in the cache.
[2025-03-20T07:52:58+00:00] INFO: Storing updated cookbooks/gitlab/libraries/helpers/base_pg_helper.rb in the cache.
[2025-03-20T07:52:58+00:00] INFO: Storing updated cookbooks/gitlab/libraries/helpers/gitlab_workhorse_helper.rb in the cache.
[2025-03-20T07:52:58+00:00] INFO: Storing updated cookbooks/gitlab/libraries/helpers/gitlab_rails_env_helper.rb in the cache.
[2025-03-20T07:52:58+00:00] INFO: Storing updated cookbooks/gitlab/libraries/helpers/geo_pg_helper.rb in the cache.
[2025-03-20T07:52:58+00:00] INFO: Storing updated cookbooks/gitlab/libraries/helpers/web_server_helper.rb in the cache.
[2025-03-20T07:52:58+00:00] INFO: Storing updated cookbooks/gitlab/libraries/helpers/metrics_exporter_helper.rb in the cache.
[2025-03-20T07:52:58+00:00] INFO: Storing updated cookbooks/gitlab/libraries/helpers/pg_helper.rb in the cache.
[2025-03-20T07:52:58+00:00] INFO: Storing updated cookbooks/gitlab/libraries/logfiles_helper.rb in the cache.
[2025-03-20T07:52:58+00:00] INFO: Storing updated cookbooks/gitlab/libraries/mailroom_helper.rb in the cache.
[2025-03-20T07:52:58+00:00] INFO: Storing updated cookbooks/gitlab/libraries/incoming_email.rb in the cache.
[2025-03-20T07:52:58+00:00] INFO: Storing updated cookbooks/gitlab/libraries/helpers/pg_status_helper.rb in the cache.
[2025-03-20T07:52:58+00:00] INFO: Storing updated cookbooks/gitlab/libraries/patroni.rb in the cache.
[2025-03-20T07:52:58+00:00] INFO: Storing updated cookbooks/gitlab/libraries/pg_version.rb in the cache.
[2025-03-20T07:52:58+00:00] INFO: Storing updated cookbooks/gitlab/libraries/redis.rb in the cache.
[2025-03-20T07:52:58+00:00] INFO: Storing updated cookbooks/gitlab/libraries/logging.rb in the cache.
[2025-03-20T07:52:58+00:00] INFO: Storing updated cookbooks/gitlab/libraries/rails_migration_helper.rb in the cache.
[2025-03-20T07:52:58+00:00] INFO: Storing updated cookbooks/gitlab/libraries/redis_uri.rb in the cache.
[2025-03-20T07:52:58+00:00] INFO: Storing updated cookbooks/gitlab/libraries/puma.rb in the cache.
[2025-03-20T07:52:58+00:00] INFO: Storing updated cookbooks/gitlab/libraries/nginx.rb in the cache.
[2025-03-20T07:52:58+00:00] INFO: Storing updated cookbooks/gitlab/libraries/postgresql.rb in the cache.
[2025-03-20T07:52:58+00:00] INFO: Storing updated cookbooks/gitlab/libraries/sidekiq.rb in the cache.
[2025-03-20T07:52:58+00:00] INFO: Storing updated cookbooks/gitlab/templates/default/database.yml.erb in the cache.
[2025-03-20T07:52:58+00:00] INFO: Storing updated cookbooks/gitlab/libraries/smtp_helper.rb in the cache.
[2025-03-20T07:52:58+00:00] INFO: Storing updated cookbooks/gitlab/templates/default/click_house.yml.erb in the cache.
[2025-03-20T07:52:58+00:00] INFO: Storing updated cookbooks/gitlab/templates/default/gitconfig.erb in the cache.
[2025-03-20T07:52:58+00:00] INFO: Storing updated cookbooks/gitlab/libraries/registry.rb in the cache.
[2025-03-20T07:52:58+00:00] INFO: Storing updated cookbooks/gitlab/templates/default/gitlab-backup-cli-config.yml.erb in the cache.
[2025-03-20T07:52:58+00:00] INFO: Storing updated cookbooks/gitlab/templates/default/gitlab-rails-error.html.erb in the cache.
[2025-03-20T07:52:58+00:00] INFO: Storing updated cookbooks/gitlab/templates/default/gitconfig-system.erb in the cache.
[2025-03-20T07:52:58+00:00] INFO: Storing updated cookbooks/gitlab/libraries/storage_check.rb in the cache.
[2025-03-20T07:52:58+00:00] INFO: Storing updated cookbooks/gitlab/templates/default/cable.yml.erb in the cache.
[2025-03-20T07:52:58+00:00] INFO: Storing updated cookbooks/gitlab/templates/default/gitlab-healthcheck-rc.erb in the cache.
[2025-03-20T07:52:58+00:00] INFO: Storing updated cookbooks/gitlab/templates/default/gitlab-shell-config.yml.erb in the cache.
[2025-03-20T07:52:58+00:00] INFO: Storing updated cookbooks/gitlab/templates/default/gitlab-rails-rc.erb in the cache.
[2025-03-20T07:52:58+00:00] INFO: Storing updated cookbooks/gitlab/templates/default/gitlab.yml.erb in the cache.
[2025-03-20T07:52:58+00:00] INFO: Storing updated cookbooks/gitlab/templates/default/make_metrics_rundir.erb in the cache.
[2025-03-20T07:52:58+00:00] INFO: Storing updated cookbooks/gitlab/templates/default/mount_point_check.erb in the cache.
[2025-03-20T07:52:58+00:00] INFO: Storing updated cookbooks/gitlab/templates/default/nginx-gitlab-health.conf.erb in the cache.
[2025-03-20T07:52:58+00:00] INFO: Storing updated cookbooks/gitlab/templates/default/nginx-gitlab-http.conf.erb in the cache.
[2025-03-20T07:52:58+00:00] INFO: Storing updated cookbooks/gitlab/templates/default/nginx-gitlab-mattermost-http.conf.erb in the cache.
[2025-03-20T07:52:58+00:00] INFO: Storing updated cookbooks/gitlab/templates/default/nginx-gitlab-pages-http.conf.erb in the cache.
[2025-03-20T07:52:58+00:00] INFO: Storing updated cookbooks/gitlab/templates/default/nginx-gitlab-kas-http.conf.erb in the cache.
[2025-03-20T07:52:58+00:00] INFO: Storing updated cookbooks/gitlab/templates/default/nginx-status.conf.erb in the cache.
[2025-03-20T07:52:58+00:00] INFO: Storing updated cookbooks/gitlab/templates/default/redis.yml.erb in the cache.
[2025-03-20T07:52:58+00:00] INFO: Storing updated cookbooks/gitlab/templates/default/nginx-gitlab-registry-http.conf.erb in the cache.
[2025-03-20T07:52:58+00:00] INFO: Storing updated cookbooks/gitlab/templates/default/nginx.conf.erb in the cache.
[2025-03-20T07:52:58+00:00] INFO: Storing updated cookbooks/gitlab/templates/default/puma.rb.erb in the cache.
[2025-03-20T07:52:58+00:00] INFO: Storing updated cookbooks/gitlab/templates/default/secrets.yml.erb in the cache.
[2025-03-20T07:52:58+00:00] INFO: Storing updated cookbooks/gitlab/templates/default/remote_syslog.yml.erb in the cache.
[2025-03-20T07:52:58+00:00] INFO: Storing updated cookbooks/gitlab/templates/default/session_store.yml.erb in the cache.
[2025-03-20T07:52:58+00:00] INFO: Storing updated cookbooks/gitlab/templates/default/resque.yml.erb in the cache.
[2025-03-20T07:52:58+00:00] INFO: Storing updated cookbooks/gitlab/templates/default/secret_token.erb in the cache.
[2025-03-20T07:52:58+00:00] INFO: Storing updated cookbooks/gitlab/templates/default/smtp_settings.rb.erb in the cache.
[2025-03-20T07:52:58+00:00] INFO: Storing updated cookbooks/gitlab/templates/default/sv-gitlab-sshd-log-run.erb in the cache.
[2025-03-20T07:52:58+00:00] INFO: Storing updated cookbooks/gitlab/templates/default/sv-gitlab-sshd-run.erb in the cache.
[2025-03-20T07:52:58+00:00] INFO: Storing updated cookbooks/gitlab/templates/default/sv-gitlab-sshd-log-config.erb in the cache.
[2025-03-20T07:52:58+00:00] INFO: Storing updated cookbooks/gitlab/templates/default/sv-gitlab-workhorse-run.erb in the cache.
[2025-03-20T07:52:58+00:00] INFO: Storing updated cookbooks/gitlab/templates/default/sv-gitlab-workhorse-log-config.erb in the cache.
[2025-03-20T07:52:58+00:00] INFO: Storing updated cookbooks/gitlab/templates/default/sv-gitlab-workhorse-log-run.erb in the cache.
[2025-03-20T07:52:58+00:00] INFO: Storing updated cookbooks/gitlab/templates/default/sv-mailroom-finish.erb in the cache.
[2025-03-20T07:52:58+00:00] INFO: Storing updated cookbooks/gitlab/templates/default/sv-puma-h.erb in the cache.
[2025-03-20T07:52:58+00:00] INFO: Storing updated cookbooks/gitlab/templates/default/sv-mailroom-log-run.erb in the cache.
[2025-03-20T07:52:58+00:00] INFO: Storing updated cookbooks/gitlab/templates/default/sv-puma-log-config.erb in the cache.
[2025-03-20T07:52:58+00:00] INFO: Storing updated cookbooks/gitlab/templates/default/sv-mailroom-run.erb in the cache.
[2025-03-20T07:52:58+00:00] INFO: Storing updated cookbooks/gitlab/templates/default/sv-remote-syslog-log-config.erb in the cache.
[2025-03-20T07:52:58+00:00] INFO: Storing updated cookbooks/gitlab/templates/default/sv-puma-log-run.erb in the cache.
[2025-03-20T07:52:58+00:00] INFO: Storing updated cookbooks/gitlab/templates/default/sv-puma-t.erb in the cache.
[2025-03-20T07:52:58+00:00] INFO: Storing updated cookbooks/gitlab/templates/default/sv-puma-run.erb in the cache.
[2025-03-20T07:52:58+00:00] INFO: Storing updated cookbooks/gitlab/templates/default/sv-remote-syslog-log-run.erb in the cache.
[2025-03-20T07:52:58+00:00] INFO: Storing updated cookbooks/gitlab/templates/default/sv-mailroom-log-config.erb in the cache.
[2025-03-20T07:52:58+00:00] INFO: Storing updated cookbooks/gitlab/templates/default/sv-remote-syslog-run.erb in the cache.
[2025-03-20T07:52:58+00:00] INFO: Storing updated cookbooks/gitlab/templates/default/sv-sidekiq-log-config.erb in the cache.
[2025-03-20T07:52:58+00:00] INFO: Storing updated cookbooks/gitlab/templates/default/sv-sidekiq-log-run.erb in the cache.
[2025-03-20T07:52:58+00:00] INFO: Storing updated cookbooks/gitlab/templates/default/sv-storage-check-log-run.erb in the cache.
[2025-03-20T07:52:58+00:00] INFO: Storing updated cookbooks/gitlab/templates/default/sv-storage-check-run.erb in the cache.
[2025-03-20T07:52:58+00:00] INFO: Storing updated cookbooks/gitlab/templates/default/sv-sidekiq-run.erb in the cache.
[2025-03-20T07:52:58+00:00] INFO: Storing updated cookbooks/gitlab/resources/database_objects.rb in the cache.
[2025-03-20T07:52:58+00:00] INFO: Storing updated cookbooks/gitlab/resources/puma_config.rb in the cache.
[2025-03-20T07:52:58+00:00] INFO: Storing updated cookbooks/gitlab/templates/default/workhorse-config.toml.erb in the cache.
[2025-03-20T07:52:58+00:00] INFO: Storing updated cookbooks/gitlab/resources/rails_migration.rb in the cache.
[2025-03-20T07:52:58+00:00] INFO: Storing updated cookbooks/gitlab/templates/default/sv-storage-check-log-config.erb in the cache.
[2025-03-20T07:52:58+00:00] INFO: Storing updated cookbooks/package/metadata.rb in the cache.
[2025-03-20T07:52:58+00:00] INFO: Storing updated cookbooks/package/attributes/default.rb in the cache.
[2025-03-20T07:52:58+00:00] INFO: Storing updated cookbooks/gitlab/resources/sidekiq_service.rb in the cache.
[2025-03-20T07:52:58+00:00] INFO: Storing updated cookbooks/package/files/default/gitlab-runsvdir.conf in the cache.
[2025-03-20T07:52:58+00:00] INFO: Storing updated cookbooks/package/recipes/runit.rb in the cache.
[2025-03-20T07:52:58+00:00] INFO: Storing updated cookbooks/package/recipes/runit_systemd.rb in the cache.
[2025-03-20T07:52:58+00:00] INFO: Storing updated cookbooks/package/recipes/runit_sysvinit.rb in the cache.
[2025-03-20T07:52:58+00:00] INFO: Storing updated cookbooks/package/recipes/sysctl.rb in the cache.
[2025-03-20T07:52:58+00:00] INFO: Storing updated cookbooks/package/recipes/runit_upstart.rb in the cache.
[2025-03-20T07:52:58+00:00] INFO: Storing updated cookbooks/package/libraries/certificate_helper.rb in the cache.
[2025-03-20T07:52:58+00:00] INFO: Storing updated cookbooks/package/libraries/config/gitlab.rb in the cache.
[2025-03-20T07:52:58+00:00] INFO: Storing updated cookbooks/package/libraries/config/roles/consul.rb in the cache.
[2025-03-20T07:52:58+00:00] INFO: Storing updated cookbooks/package/libraries/config/roles/gitaly.rb in the cache.
[2025-03-20T07:52:58+00:00] INFO: Storing updated cookbooks/package/libraries/config/roles/application.rb in the cache.
[2025-03-20T07:52:58+00:00] INFO: Storing updated cookbooks/package/libraries/config/roles/geo_primary.rb in the cache.
[2025-03-20T07:52:58+00:00] INFO: Storing updated cookbooks/package/libraries/config/roles/pages.rb in the cache.
[2025-03-20T07:52:58+00:00] INFO: Storing updated cookbooks/package/libraries/config/roles/geo_secondary.rb in the cache.
[2025-03-20T07:52:58+00:00] INFO: Storing updated cookbooks/package/libraries/config/roles/default.rb in the cache.
[2025-03-20T07:52:58+00:00] INFO: Storing updated cookbooks/package/libraries/config/roles/monitoring.rb in the cache.
[2025-03-20T07:52:58+00:00] INFO: Storing updated cookbooks/package/libraries/config/roles/patroni.rb in the cache.
[2025-03-20T07:52:58+00:00] INFO: Storing updated cookbooks/package/libraries/config/roles/redis_sentinel.rb in the cache.
[2025-03-20T07:52:58+00:00] INFO: Storing updated cookbooks/package/libraries/config/roles/postgres.rb in the cache.
[2025-03-20T07:52:58+00:00] INFO: Storing updated cookbooks/package/libraries/config/roles/redis_master.rb in the cache.
[2025-03-20T07:52:58+00:00] INFO: Storing updated cookbooks/package/libraries/config/roles/pgbouncer.rb in the cache.
[2025-03-20T07:52:58+00:00] INFO: Storing updated cookbooks/package/libraries/config/roles/spamcheck.rb in the cache.
[2025-03-20T07:52:58+00:00] INFO: Storing updated cookbooks/package/libraries/config/roles/sidekiq.rb in the cache.
[2025-03-20T07:52:58+00:00] INFO: Storing updated cookbooks/package/libraries/config/services.rb in the cache.
[2025-03-20T07:52:58+00:00] INFO: Storing updated cookbooks/package/libraries/config_mash.rb in the cache.
[2025-03-20T07:52:58+00:00] INFO: Storing updated cookbooks/package/libraries/deprecations.rb in the cache.
[2025-03-20T07:52:58+00:00] INFO: Storing updated cookbooks/package/libraries/formatters/gitlab.rb in the cache.
[2025-03-20T07:52:58+00:00] INFO: Storing updated cookbooks/package/libraries/helpers/logging_helper.rb in the cache.
[2025-03-20T07:52:58+00:00] INFO: Storing updated cookbooks/package/libraries/handlers/gitlab.rb in the cache.
[2025-03-20T07:52:58+00:00] INFO: Storing updated cookbooks/package/libraries/helpers/node_helper.rb in the cache.
[2025-03-20T07:52:58+00:00] INFO: Storing updated cookbooks/package/libraries/gitlab_cluster.rb in the cache.
[2025-03-20T07:52:58+00:00] INFO: Storing updated cookbooks/package/libraries/helper.rb in the cache.
[2025-03-20T07:52:58+00:00] INFO: Storing updated cookbooks/package/libraries/helpers/redis_helper/base.rb in the cache.
[2025-03-20T07:52:58+00:00] INFO: Storing updated cookbooks/package/libraries/helpers/output_helper.rb in the cache.
[2025-03-20T07:52:58+00:00] INFO: Storing updated cookbooks/package/libraries/helpers/redis_helper/redis_exporter.rb in the cache.
[2025-03-20T07:52:58+00:00] INFO: Storing updated cookbooks/package/libraries/helpers/redis_helper/gitlab_workhorse.rb in the cache.
[2025-03-20T07:52:58+00:00] INFO: Storing updated cookbooks/package/libraries/helpers/roles_helper.rb in the cache.
[2025-03-20T07:52:58+00:00] INFO: Storing updated cookbooks/package/libraries/helpers/redis_helper.rb in the cache.
[2025-03-20T07:52:58+00:00] INFO: Storing updated cookbooks/package/libraries/helpers/selinux_helper.rb in the cache.
[2025-03-20T07:52:58+00:00] INFO: Storing updated cookbooks/package/libraries/helpers/redis_helper/gitlab_kas.rb in the cache.
[2025-03-20T07:52:58+00:00] INFO: Storing updated cookbooks/package/libraries/helpers/redis_helper/gitlab_exporter.rb in the cache.
[2025-03-20T07:52:58+00:00] INFO: Storing updated cookbooks/package/libraries/helpers/services_helper.rb in the cache.
[2025-03-20T07:52:58+00:00] INFO: Storing updated cookbooks/package/libraries/helpers/redis_helper/server.rb in the cache.
[2025-03-20T07:52:58+00:00] INFO: Storing updated cookbooks/package/libraries/helpers/shell_out_helper.rb in the cache.
[2025-03-20T07:52:58+00:00] INFO: Storing updated cookbooks/package/libraries/helpers/redis_helper/gitlab_rails.rb in the cache.
[2025-03-20T07:52:58+00:00] INFO: Storing updated cookbooks/package/libraries/helpers/secrets_helper.rb in the cache.
[2025-03-20T07:52:58+00:00] INFO: Storing updated cookbooks/package/libraries/helpers/systemd_helper.rb in the cache.
[2025-03-20T07:52:58+00:00] INFO: Storing updated cookbooks/package/libraries/helpers/selinux_distro_helper.rb in the cache.
[2025-03-20T07:52:58+00:00] INFO: Storing updated cookbooks/package/libraries/object_proxy.rb in the cache.
[2025-03-20T07:52:58+00:00] INFO: Storing updated cookbooks/package/libraries/helpers/version_helper.rb in the cache.
[2025-03-20T07:52:58+00:00] INFO: Storing updated cookbooks/package/libraries/package.rb in the cache.
[2025-03-20T07:52:58+00:00] INFO: Storing updated cookbooks/package/libraries/omnibus_helper.rb in the cache.
[2025-03-20T07:52:58+00:00] INFO: Storing updated cookbooks/package/templates/default/gitlab-runsvdir.service.erb in the cache.
[2025-03-20T07:52:58+00:00] INFO: Storing updated cookbooks/package/libraries/settings_dsl.rb in the cache.
[2025-03-20T07:52:58+00:00] INFO: Storing updated cookbooks/package/resources/gitlab_sysctl.rb in the cache.
[2025-03-20T07:52:58+00:00] INFO: Storing updated cookbooks/package/resources/account.rb in the cache.
[2025-03-20T07:52:58+00:00] INFO: Storing updated cookbooks/package/resources/env_dir.rb in the cache.
[2025-03-20T07:52:58+00:00] INFO: Storing updated cookbooks/package/resources/version_file.rb in the cache.
[2025-03-20T07:52:58+00:00] INFO: Storing updated cookbooks/package/libraries/storage_directory_helper.rb in the cache.
[2025-03-20T07:52:58+00:00] INFO: Storing updated cookbooks/package/resources/storage_directory.rb in the cache.
[2025-03-20T07:52:58+00:00] INFO: Storing updated cookbooks/package/resources/templatesymlink.rb in the cache.
[2025-03-20T07:52:58+00:00] INFO: Storing updated cookbooks/logrotate/metadata.rb in the cache.
[2025-03-20T07:52:58+00:00] INFO: Storing updated cookbooks/logrotate/attributes/default.rb in the cache.
[2025-03-20T07:52:58+00:00] INFO: Storing updated cookbooks/logrotate/templates/default/logrotate.conf.erb in the cache.
[2025-03-20T07:52:58+00:00] INFO: Storing updated cookbooks/logrotate/recipes/folders_and_configs.rb in the cache.
[2025-03-20T07:52:58+00:00] INFO: Storing updated cookbooks/logrotate/recipes/disable.rb in the cache.
[2025-03-20T07:52:58+00:00] INFO: Storing updated cookbooks/logrotate/recipes/enable.rb in the cache.
[2025-03-20T07:52:58+00:00] INFO: Storing updated cookbooks/logrotate/templates/default/sv-logrotate-log-config.erb in the cache.
[2025-03-20T07:52:58+00:00] INFO: Storing updated cookbooks/logrotate/templates/default/logrotate-service.erb in the cache.
[2025-03-20T07:52:58+00:00] INFO: Storing updated cookbooks/logrotate/templates/default/sv-logrotate-log-run.erb in the cache.
[2025-03-20T07:52:58+00:00] INFO: Storing updated cookbooks/logrotate/templates/default/sv-logrotate-run.erb in the cache.
[2025-03-20T07:52:58+00:00] INFO: Storing updated cookbooks/logrotate/templates/default/sv-logrotate-t.erb in the cache.
[2025-03-20T07:52:58+00:00] INFO: Storing updated cookbooks/postgresql/recipes/bin.rb in the cache.
[2025-03-20T07:52:58+00:00] INFO: Storing updated cookbooks/postgresql/attributes/default.rb in the cache.
[2025-03-20T07:52:58+00:00] INFO: Storing updated cookbooks/postgresql/recipes/disable.rb in the cache.
[2025-03-20T07:52:58+00:00] INFO: Storing updated cookbooks/postgresql/metadata.rb in the cache.
[2025-03-20T07:52:58+00:00] INFO: Storing updated cookbooks/postgresql/recipes/directory_locations.rb in the cache.
[2025-03-20T07:52:58+00:00] INFO: Storing updated cookbooks/postgresql/recipes/enable.rb in the cache.
[2025-03-20T07:52:58+00:00] INFO: Storing updated cookbooks/postgresql/recipes/sysctl.rb in the cache.
[2025-03-20T07:52:58+00:00] INFO: Storing updated cookbooks/postgresql/recipes/user.rb in the cache.
[2025-03-20T07:52:58+00:00] INFO: Storing updated cookbooks/postgresql/templates/default/postgresql-runtime.conf.erb in the cache.
[2025-03-20T07:52:58+00:00] INFO: Storing updated cookbooks/postgresql/README.md in the cache.
[2025-03-20T07:52:58+00:00] INFO: Storing updated cookbooks/postgresql/templates/default/pg_hba.conf.erb in the cache.
[2025-03-20T07:52:58+00:00] INFO: Storing updated cookbooks/postgresql/templates/default/gitlab-psql-rc.erb in the cache.
[2025-03-20T07:52:58+00:00] INFO: Storing updated cookbooks/postgresql/recipes/standalone.rb in the cache.
[2025-03-20T07:52:58+00:00] INFO: Storing updated cookbooks/postgresql/templates/default/pg_ident.conf.erb in the cache.
[2025-03-20T07:52:58+00:00] INFO: Storing updated cookbooks/postgresql/templates/default/sv-postgresql-log-config.erb in the cache.
[2025-03-20T07:52:58+00:00] INFO: Storing updated cookbooks/postgresql/templates/default/postgresql.conf.erb in the cache.
[2025-03-20T07:52:58+00:00] INFO: Storing updated cookbooks/postgresql/templates/default/sv-postgresql-run.erb in the cache.
[2025-03-20T07:52:58+00:00] INFO: Storing updated cookbooks/postgresql/templates/default/sv-postgresql-log-run.erb in the cache.
[2025-03-20T07:52:58+00:00] INFO: Storing updated cookbooks/postgresql/resources/database.rb in the cache.
[2025-03-20T07:52:58+00:00] INFO: Storing updated cookbooks/postgresql/templates/default/sv-postgresql-t.erb in the cache.
[2025-03-20T07:52:58+00:00] INFO: Storing updated cookbooks/postgresql/resources/config.rb in the cache.
[2025-03-20T07:52:58+00:00] INFO: Storing updated cookbooks/postgresql/resources/extension.rb in the cache.
[2025-03-20T07:52:58+00:00] INFO: Storing updated cookbooks/postgresql/resources/user.rb in the cache.
[2025-03-20T07:52:58+00:00] INFO: Storing updated cookbooks/redis/attributes/attributes.rb in the cache.
[2025-03-20T07:52:58+00:00] INFO: Storing updated cookbooks/redis/metadata.rb in the cache.
[2025-03-20T07:52:58+00:00] INFO: Storing updated cookbooks/postgresql/resources/query.rb in the cache.
[2025-03-20T07:52:58+00:00] INFO: Storing updated cookbooks/redis/templates/default/sv-redis-log-config.erb in the cache.
[2025-03-20T07:52:58+00:00] INFO: Storing updated cookbooks/postgresql/resources/schema.rb in the cache.
[2025-03-20T07:52:58+00:00] INFO: Storing updated cookbooks/redis/templates/default/redis.conf.erb in the cache.
[2025-03-20T07:52:58+00:00] INFO: Storing updated cookbooks/redis/recipes/enable.rb in the cache.
[2025-03-20T07:52:58+00:00] INFO: Storing updated cookbooks/redis/recipes/disable.rb in the cache.
[2025-03-20T07:52:58+00:00] INFO: Storing updated cookbooks/redis/templates/default/gitlab-redis-cli-rc.erb in the cache.
[2025-03-20T07:52:58+00:00] INFO: Storing updated cookbooks/redis/templates/default/sv-redis-log-run.erb in the cache.
[2025-03-20T07:52:58+00:00] INFO: Storing updated cookbooks/monitoring/metadata.rb in the cache.
[2025-03-20T07:52:58+00:00] INFO: Storing updated cookbooks/redis/templates/default/sv-redis-run.erb in the cache.
[2025-03-20T07:52:58+00:00] INFO: Storing updated cookbooks/monitoring/recipes/alertmanager.rb in the cache.
[2025-03-20T07:52:58+00:00] INFO: Storing updated cookbooks/monitoring/recipes/alertmanager_disable.rb in the cache.
[2025-03-20T07:52:58+00:00] INFO: Storing updated cookbooks/monitoring/attributes/default.rb in the cache.
[2025-03-20T07:52:58+00:00] INFO: Storing updated cookbooks/monitoring/recipes/default.rb in the cache.
[2025-03-20T07:52:58+00:00] INFO: Storing updated cookbooks/monitoring/recipes/node-exporter_disable.rb in the cache.
[2025-03-20T07:52:58+00:00] INFO: Storing updated cookbooks/redis/resources/service.rb in the cache.
[2025-03-20T07:52:58+00:00] INFO: Storing updated cookbooks/monitoring/recipes/postgres-exporter.rb in the cache.
[2025-03-20T07:52:58+00:00] INFO: Storing updated cookbooks/monitoring/recipes/gitlab-exporter.rb in the cache.
[2025-03-20T07:52:58+00:00] INFO: Storing updated cookbooks/monitoring/recipes/node-exporter.rb in the cache.
[2025-03-20T07:52:58+00:00] INFO: Storing updated cookbooks/monitoring/recipes/pgbouncer-exporter_disable.rb in the cache.
[2025-03-20T07:52:58+00:00] INFO: Storing updated cookbooks/monitoring/recipes/gitlab-exporter_disable.rb in the cache.
[2025-03-20T07:52:58+00:00] INFO: Storing updated cookbooks/monitoring/recipes/pgbouncer-exporter.rb in the cache.
[2025-03-20T07:52:58+00:00] INFO: Storing updated cookbooks/monitoring/recipes/postgres-exporter_disable.rb in the cache.
[2025-03-20T07:52:58+00:00] INFO: Storing updated cookbooks/monitoring/recipes/prometheus.rb in the cache.
[2025-03-20T07:52:58+00:00] INFO: Storing updated cookbooks/monitoring/recipes/redis-exporter.rb in the cache.
[2025-03-20T07:52:58+00:00] INFO: Storing updated cookbooks/monitoring/recipes/prometheus_disable.rb in the cache.
[2025-03-20T07:52:58+00:00] INFO: Storing updated cookbooks/monitoring/libraries/prometheus.rb in the cache.
[2025-03-20T07:52:58+00:00] INFO: Storing updated cookbooks/monitoring/recipes/redis-exporter_disable.rb in the cache.
[2025-03-20T07:52:58+00:00] INFO: Storing updated cookbooks/monitoring/recipes/user.rb in the cache.
[2025-03-20T07:52:58+00:00] INFO: Storing updated cookbooks/monitoring/templates/mount_point_check.erb in the cache.
[2025-03-20T07:52:58+00:00] INFO: Storing updated cookbooks/monitoring/templates/gitlab-exporter.yml.erb in the cache.
[2025-03-20T07:52:58+00:00] INFO: Storing updated cookbooks/monitoring/libraries/prometheus_helper.rb in the cache.
[2025-03-20T07:52:58+00:00] INFO: Storing updated cookbooks/monitoring/templates/postgres-queries.yaml.erb in the cache.
[2025-03-20T07:52:58+00:00] INFO: Storing updated cookbooks/monitoring/templates/rules/node.rules in the cache.
[2025-03-20T07:52:58+00:00] INFO: Storing updated cookbooks/monitoring/templates/sv-alertmanager-log-config.erb in the cache.
[2025-03-20T07:52:58+00:00] INFO: Storing updated cookbooks/monitoring/templates/sv-gitlab-exporter-log-config.erb in the cache.
[2025-03-20T07:52:58+00:00] INFO: Storing updated cookbooks/monitoring/templates/sv-alertmanager-run.erb in the cache.
[2025-03-20T07:52:58+00:00] INFO: Storing updated cookbooks/monitoring/templates/rules/gitlab.rules in the cache.
[2025-03-20T07:52:58+00:00] INFO: Storing updated cookbooks/monitoring/templates/sv-alertmanager-log-run.erb in the cache.
[2025-03-20T07:52:58+00:00] INFO: Storing updated cookbooks/monitoring/templates/sv-node-exporter-log-config.erb in the cache.
[2025-03-20T07:52:58+00:00] INFO: Storing updated cookbooks/monitoring/templates/sv-pgbouncer-exporter-log-run.erb in the cache.
[2025-03-20T07:52:58+00:00] INFO: Storing updated cookbooks/monitoring/templates/sv-gitlab-exporter-log-run.erb in the cache.
[2025-03-20T07:52:58+00:00] INFO: Storing updated cookbooks/monitoring/templates/sv-gitlab-exporter-run.erb in the cache.
[2025-03-20T07:52:58+00:00] INFO: Storing updated cookbooks/monitoring/templates/sv-pgbouncer-exporter-run.erb in the cache.
[2025-03-20T07:52:58+00:00] INFO: Storing updated cookbooks/monitoring/templates/sv-postgres-exporter-log-run.erb in the cache.
[2025-03-20T07:52:58+00:00] INFO: Storing updated cookbooks/monitoring/templates/sv-postgres-exporter-log-config.erb in the cache.
[2025-03-20T07:52:58+00:00] INFO: Storing updated cookbooks/monitoring/templates/sv-node-exporter-run.erb in the cache.
[2025-03-20T07:52:58+00:00] INFO: Storing updated cookbooks/monitoring/templates/sv-prometheus-log-config.erb in the cache.
[2025-03-20T07:52:58+00:00] INFO: Storing updated cookbooks/monitoring/templates/sv-pgbouncer-exporter-log-config.erb in the cache.
[2025-03-20T07:52:58+00:00] INFO: Storing updated cookbooks/monitoring/templates/sv-prometheus-log-run.erb in the cache.
[2025-03-20T07:52:58+00:00] INFO: Storing updated cookbooks/monitoring/templates/sv-prometheus-run.erb in the cache.
[2025-03-20T07:52:58+00:00] INFO: Storing updated cookbooks/monitoring/templates/sv-redis-exporter-log-config.erb in the cache.
[2025-03-20T07:52:58+00:00] INFO: Storing updated cookbooks/monitoring/templates/sv-node-exporter-log-run.erb in the cache.
[2025-03-20T07:52:58+00:00] INFO: Storing updated cookbooks/monitoring/templates/sv-postgres-exporter-run.erb in the cache.
[2025-03-20T07:52:58+00:00] INFO: Storing updated cookbooks/monitoring/templates/sv-redis-exporter-run.erb in the cache.
[2025-03-20T07:52:58+00:00] INFO: Storing updated cookbooks/monitoring/templates/sv-redis-exporter-log-run.erb in the cache.
[2025-03-20T07:52:58+00:00] INFO: Storing updated cookbooks/registry/metadata.rb in the cache.
[2025-03-20T07:52:58+00:00] INFO: Storing updated cookbooks/registry/recipes/disable.rb in the cache.
[2025-03-20T07:52:58+00:00] INFO: Storing updated cookbooks/registry/templates/default/registry-config.yml.erb in the cache.
[2025-03-20T07:52:58+00:00] INFO: Storing updated cookbooks/registry/recipes/enable.rb in the cache.
[2025-03-20T07:52:58+00:00] INFO: Storing updated cookbooks/registry/templates/default/sv-registry-log-config.erb in the cache.
[2025-03-20T07:52:58+00:00] INFO: Storing updated cookbooks/registry/attributes/default.rb in the cache.
[2025-03-20T07:52:58+00:00] INFO: Storing updated cookbooks/registry/templates/default/sv-registry-log-run.erb in the cache.
[2025-03-20T07:52:58+00:00] INFO: Storing updated cookbooks/registry/templates/default/sv-registry-run.erb in the cache.
[2025-03-20T07:52:58+00:00] INFO: Storing updated cookbooks/mattermost/attributes/default.rb in the cache.
[2025-03-20T07:52:58+00:00] INFO: Storing updated cookbooks/mattermost/templates/default/sv-mattermost-log-config.erb in the cache.
[2025-03-20T07:52:58+00:00] INFO: Storing updated cookbooks/mattermost/templates/default/sv-mattermost-log-run.erb in the cache.
[2025-03-20T07:52:58+00:00] INFO: Storing updated cookbooks/consul/attributes/default.rb in the cache.
[2025-03-20T07:52:58+00:00] INFO: Storing updated cookbooks/mattermost/recipes/disable.rb in the cache.
[2025-03-20T07:52:58+00:00] INFO: Storing updated cookbooks/mattermost/metadata.rb in the cache.
[2025-03-20T07:52:58+00:00] INFO: Storing updated cookbooks/mattermost/libraries/mattermost_helper.rb in the cache.
[2025-03-20T07:52:58+00:00] INFO: Storing updated cookbooks/mattermost/templates/default/sv-mattermost-run.erb in the cache.
[2025-03-20T07:52:58+00:00] INFO: Storing updated cookbooks/mattermost/recipes/enable.rb in the cache.
[2025-03-20T07:52:58+00:00] INFO: Storing updated cookbooks/consul/attributes/services.rb in the cache.
[2025-03-20T07:52:58+00:00] INFO: Storing updated cookbooks/consul/attributes/watchers.rb in the cache.
[2025-03-20T07:52:58+00:00] INFO: Storing updated cookbooks/consul/recipes/configure_services.rb in the cache.
[2025-03-20T07:52:58+00:00] INFO: Storing updated cookbooks/consul/recipes/enable_daemon.rb in the cache.
[2025-03-20T07:52:58+00:00] INFO: Storing updated cookbooks/consul/recipes/disable_daemon.rb in the cache.
[2025-03-20T07:52:58+00:00] INFO: Storing updated cookbooks/consul/metadata.rb in the cache.
[2025-03-20T07:52:58+00:00] INFO: Storing updated cookbooks/consul/recipes/enable.rb in the cache.
[2025-03-20T07:52:58+00:00] INFO: Storing updated cookbooks/consul/recipes/disable_service_postgresql.rb in the cache.
[2025-03-20T07:52:58+00:00] INFO: Storing updated cookbooks/consul/recipes/disable.rb in the cache.
[2025-03-20T07:52:58+00:00] INFO: Storing updated cookbooks/consul/libraries/consul.rb in the cache.
[2025-03-20T07:52:58+00:00] INFO: Storing updated cookbooks/consul/libraries/watch_helper.rb in the cache.
[2025-03-20T07:52:58+00:00] INFO: Storing updated cookbooks/consul/recipes/enable_service_postgresql.rb in the cache.
[2025-03-20T07:52:58+00:00] INFO: Storing updated cookbooks/consul/templates/default/sv-consul-log-config.erb in the cache.
[2025-03-20T07:52:58+00:00] INFO: Storing updated cookbooks/consul/recipes/watchers.rb in the cache.
[2025-03-20T07:52:58+00:00] INFO: Storing updated cookbooks/consul/libraries/failover_helper.rb in the cache.
[2025-03-20T07:52:58+00:00] INFO: Storing updated cookbooks/consul/templates/default/sv-consul-run.erb in the cache.
[2025-03-20T07:52:58+00:00] INFO: Storing updated cookbooks/gitaly/attributes/default.rb in the cache.
[2025-03-20T07:52:58+00:00] INFO: Storing updated cookbooks/consul/resources/consul_service.rb in the cache.
[2025-03-20T07:52:58+00:00] INFO: Storing updated cookbooks/consul/libraries/consul_helper.rb in the cache.
[2025-03-20T07:52:58+00:00] INFO: Storing updated cookbooks/consul/templates/default/sv-consul-log-run.erb in the cache.
[2025-03-20T07:52:58+00:00] INFO: Storing updated cookbooks/gitaly/templates/default/gitaly-config.toml.erb in the cache.
[2025-03-20T07:52:58+00:00] INFO: Storing updated cookbooks/gitaly/recipes/disable.rb in the cache.
[2025-03-20T07:52:58+00:00] INFO: Storing updated cookbooks/consul/templates/default/watcher_scripts/failover_pgbouncer.erb in the cache.
[2025-03-20T07:52:58+00:00] INFO: Storing updated cookbooks/gitaly/libraries/gitaly.rb in the cache.
[2025-03-20T07:52:58+00:00] INFO: Storing updated cookbooks/gitaly/metadata.rb in the cache.
[2025-03-20T07:52:58+00:00] INFO: Storing updated cookbooks/gitaly/recipes/git_data_dirs.rb in the cache.
[2025-03-20T07:52:58+00:00] INFO: Storing updated cookbooks/gitaly/recipes/enable.rb in the cache.
[2025-03-20T07:52:58+00:00] INFO: Storing updated cookbooks/gitaly/templates/default/sv-gitaly-log-run.erb in the cache.
[2025-03-20T07:52:58+00:00] INFO: Storing updated cookbooks/gitaly/templates/default/sv-gitaly-log-config.erb in the cache.
[2025-03-20T07:52:58+00:00] INFO: Storing updated cookbooks/praefect/attributes/default.rb in the cache.
[2025-03-20T07:52:58+00:00] INFO: Storing updated cookbooks/praefect/metadata.rb in the cache.
[2025-03-20T07:52:58+00:00] INFO: Storing updated cookbooks/praefect/recipes/database_migrations.rb in the cache.
[2025-03-20T07:52:58+00:00] INFO: Storing updated cookbooks/gitaly/templates/default/sv-gitaly-run.erb in the cache.
[2025-03-20T07:52:58+00:00] INFO: Storing updated cookbooks/praefect/templates/default/praefect-config.toml.erb in the cache.
[2025-03-20T07:52:58+00:00] INFO: Storing updated cookbooks/praefect/recipes/disable.rb in the cache.
[2025-03-20T07:52:58+00:00] INFO: Storing updated cookbooks/gitlab-kas/metadata.rb in the cache.
[2025-03-20T07:52:58+00:00] INFO: Storing updated cookbooks/praefect/templates/default/sv-praefect-log-config.erb in the cache.
[2025-03-20T07:52:58+00:00] INFO: Storing updated cookbooks/praefect/recipes/enable.rb in the cache.
[2025-03-20T07:52:58+00:00] INFO: Storing updated cookbooks/gitlab-kas/attributes/default.rb in the cache.
[2025-03-20T07:52:58+00:00] INFO: Storing updated cookbooks/praefect/templates/default/sv-praefect-run.erb in the cache.
[2025-03-20T07:52:58+00:00] INFO: Storing updated cookbooks/praefect/templates/default/sv-praefect-log-run.erb in the cache.
[2025-03-20T07:52:58+00:00] INFO: Storing updated cookbooks/gitlab-kas/recipes/enable.rb in the cache.
[2025-03-20T07:52:58+00:00] INFO: Storing updated cookbooks/gitlab-kas/recipes/disable.rb in the cache.
[2025-03-20T07:52:58+00:00] INFO: Storing updated cookbooks/gitlab-kas/libraries/gitlab_kas.rb in the cache.
[2025-03-20T07:52:58+00:00] INFO: Storing updated cookbooks/gitlab-kas/templates/default/sv-gitlab-kas-log-config.erb in the cache.
[2025-03-20T07:52:58+00:00] INFO: Storing updated cookbooks/gitlab-kas/templates/default/gitlab-kas-config.yml.erb in the cache.
[2025-03-20T07:52:58+00:00] INFO: Storing updated cookbooks/gitlab-kas/templates/default/sv-gitlab-kas-log-run.erb in the cache.
[2025-03-20T07:52:58+00:00] INFO: Storing updated cookbooks/gitlab-kas/templates/default/sv-gitlab-kas-run.erb in the cache.
[2025-03-20T07:52:58+00:00] INFO: Storing updated cookbooks/gitlab-pages/attributes/default.rb in the cache.
[2025-03-20T07:52:58+00:00] INFO: Storing updated cookbooks/gitlab-pages/recipes/disable.rb in the cache.
[2025-03-20T07:52:58+00:00] INFO: Storing updated cookbooks/gitlab-pages/metadata.rb in the cache.
[2025-03-20T07:52:58+00:00] INFO: Storing updated cookbooks/gitlab-pages/recipes/enable.rb in the cache.
[2025-03-20T07:52:58+00:00] INFO: Storing updated cookbooks/gitlab-pages/libraries/gitlab_pages.rb in the cache.
[2025-03-20T07:52:58+00:00] INFO: Storing updated cookbooks/gitlab-pages/templates/default/gitlab-pages-config.erb in the cache.
[2025-03-20T07:52:58+00:00] INFO: Storing updated cookbooks/gitlab-pages/templates/default/mount_point_check.erb in the cache.
[2025-03-20T07:52:58+00:00] INFO: Storing updated cookbooks/gitlab-pages/templates/default/sv-gitlab-pages-log-config.erb in the cache.
[2025-03-20T07:52:58+00:00] INFO: Storing updated cookbooks/gitlab-pages/templates/default/secret_token.erb in the cache.
[2025-03-20T07:52:58+00:00] INFO: Storing updated cookbooks/gitlab-pages/templates/default/sv-gitlab-pages-run.erb in the cache.
[2025-03-20T07:52:58+00:00] INFO: Storing updated cookbooks/gitlab-pages/templates/default/sv-gitlab-pages-log-run.erb in the cache.
[2025-03-20T07:52:58+00:00] INFO: Storing updated cookbooks/letsencrypt/metadata.rb in the cache.
[2025-03-20T07:52:58+00:00] INFO: Storing updated cookbooks/letsencrypt/recipes/http_authorization.rb in the cache.
[2025-03-20T07:52:58+00:00] INFO: Storing updated cookbooks/letsencrypt/README.md in the cache.
[2025-03-20T07:52:58+00:00] INFO: Storing updated cookbooks/letsencrypt/attributes/default.rb in the cache.
[2025-03-20T07:52:58+00:00] INFO: Storing updated cookbooks/letsencrypt/libraries/lets_encrypt.rb in the cache.
[2025-03-20T07:52:58+00:00] INFO: Storing updated cookbooks/letsencrypt/recipes/enable.rb in the cache.
[2025-03-20T07:52:58+00:00] INFO: Storing updated cookbooks/nginx/templates/default/sv-nginx-log-config.erb in the cache.
[2025-03-20T07:52:58+00:00] INFO: Storing updated cookbooks/letsencrypt/recipes/disable.rb in the cache.
[2025-03-20T07:52:58+00:00] INFO: Storing updated cookbooks/letsencrypt/resources/certificate.rb in the cache.
[2025-03-20T07:52:58+00:00] INFO: Storing updated cookbooks/nginx/metadata.rb in the cache.
[2025-03-20T07:52:58+00:00] INFO: Storing updated cookbooks/letsencrypt/libraries/helper.rb in the cache.
[2025-03-20T07:52:58+00:00] INFO: Storing updated cookbooks/nginx/recipes/enable.rb in the cache.
[2025-03-20T07:52:58+00:00] INFO: Storing updated cookbooks/nginx/templates/default/sv-nginx-log-run.erb in the cache.
[2025-03-20T07:52:58+00:00] INFO: Storing updated cookbooks/nginx/templates/default/sv-nginx-run.erb in the cache.
[2025-03-20T07:52:58+00:00] INFO: Storing updated cookbooks/runit/libraries/provider_runit_service.rb in the cache.
[2025-03-20T07:52:58+00:00] INFO: Storing updated cookbooks/runit/libraries/helpers.rb in the cache.
[2025-03-20T07:52:58+00:00] INFO: Storing updated cookbooks/runit/metadata.rb in the cache.
[2025-03-20T07:52:58+00:00] INFO: Storing updated cookbooks/runit/README.md in the cache.
[2025-03-20T07:52:58+00:00] INFO: Storing updated cookbooks/runit/libraries/resource_runit_service.rb in the cache.
[2025-03-20T07:52:58+00:00] INFO: Storing updated cookbooks/acme/kitchen.dokken.yml in the cache.
[2025-03-20T07:52:58+00:00] INFO: Storing updated cookbooks/runit/LICENSE in the cache.
[2025-03-20T07:52:58+00:00] INFO: Storing updated cookbooks/acme/attributes/default.rb in the cache.
[2025-03-20T07:52:58+00:00] INFO: Storing updated cookbooks/acme/README.md in the cache.
[2025-03-20T07:52:58+00:00] INFO: Storing updated cookbooks/acme/chefignore in the cache.
[2025-03-20T07:52:58+00:00] INFO: Storing updated cookbooks/acme/templates/acme-challange.nginx.erb in the cache.
[2025-03-20T07:52:58+00:00] INFO: Storing updated cookbooks/acme/metadata.rb in the cache.
[2025-03-20T07:52:58+00:00] INFO: Storing updated cookbooks/acme/libraries/acme.rb in the cache.
[2025-03-20T07:52:58+00:00] INFO: Storing updated cookbooks/acme/kitchen.yml in the cache.
[2025-03-20T07:52:58+00:00] INFO: Storing updated cookbooks/acme/recipes/default.rb in the cache.
[2025-03-20T07:52:58+00:00] INFO: Storing updated cookbooks/acme/LICENSE in the cache.
[2025-03-20T07:52:58+00:00] INFO: Storing updated cookbooks/acme/.rubocop.yml in the cache.
[2025-03-20T07:52:58+00:00] INFO: Storing updated cookbooks/acme/kitchen.digitalocean.yml in the cache.
[2025-03-20T07:52:58+00:00] INFO: Storing updated cookbooks/acme/Berksfile in the cache.
[2025-03-20T07:52:58+00:00] INFO: Storing updated cookbooks/acme/resources/ssl_key.rb in the cache.
[2025-03-20T07:52:58+00:00] INFO: Storing updated cookbooks/crond/templates/default/sv-crond-log-config.erb in the cache.
[2025-03-20T07:52:58+00:00] INFO: Storing updated cookbooks/acme/resources/certificate.rb in the cache.
[2025-03-20T07:52:58+00:00] INFO: Storing updated cookbooks/crond/recipes/disable.rb in the cache.
[2025-03-20T07:52:58+00:00] INFO: Storing updated cookbooks/acme/resources/selfsigned.rb in the cache.
[2025-03-20T07:52:58+00:00] INFO: Storing updated cookbooks/crond/attributes/default.rb in the cache.
[2025-03-20T07:52:58+00:00] INFO: Storing updated cookbooks/crond/metadata.rb in the cache.
[2025-03-20T07:52:58+00:00] INFO: Storing updated cookbooks/crond/recipes/enable.rb in the cache.
[2025-03-20T07:52:58+00:00] INFO: Storing updated cookbooks/crond/libraries/crond_helper.rb in the cache.
[2025-03-20T07:52:58+00:00] INFO: Storing updated cookbooks/crond/templates/default/sv-crond-log-run.erb in the cache.
[2025-03-20T07:52:58+00:00] INFO: Storing updated cookbooks/crond/templates/default/sv-crond-run.erb in the cache.
[2025-03-20T07:52:58+00:00] INFO: Storing updated cookbooks/crond/resources/job.rb in the cache.
[2025-03-20T07:52:59+00:00] INFO: Generating default secrets
[2025-03-20T07:53:00+00:00] INFO: Generating /etc/gitlab/gitlab-secrets.json file
[2025-03-20T07:53:00+00:00] ERROR: Running exception handlers
[2025-03-20T07:53:00+00:00] ERROR: Exception handlers complete
[2025-03-20T07:53:00+00:00] FATAL: Stacktrace dumped to /opt/gitlab/embedded/cookbooks/cache/cinc-stacktrace.out
[2025-03-20T07:53:00+00:00] FATAL: ---------------------------------------------------------------------------------------
[2025-03-20T07:53:00+00:00] FATAL: PLEASE PROVIDE THE CONTENTS OF THE stacktrace.out FILE (above) IF YOU FILE A BUG REPORT
[2025-03-20T07:53:00+00:00] FATAL: ---------------------------------------------------------------------------------------
[2025-03-20T07:53:00+00:00] FATAL: RuntimeError: GitLab external URL must include a schema and FQDN, e.g. http://gitlab.example.com/
